<?xml version="1.0" encoding="UTF-8"?>
<testsuite
	name="com.ashok.my.learnings.springboot.SpringbootApplicationTests"
	tests="1" skipped="0" failures="0" errors="0"
	timestamp="2023-10-26T07:10:11" hostname="Ashoks-MacBook-Pro.local"
	time="0.723">
	<properties />
	<testcase name="contextLoads()"
		classname="com.ashok.my.learnings.springboot.SpringbootApplicationTests"
		time="0.723" />
	<system-out><![CDATA[18:10:10.153 [Test worker] INFO org.springframework.test.context.support.AnnotationConfigContextLoaderUtils -- Could not detect default configuration classes for test class [com.ashok.my.learnings.springboot.SpringbootApplicationTests]: SpringbootApplicationTests does not declare any static, non-private, non-final, nested classes annotated with @Configuration.
18:10:10.239 [Test worker] INFO org.springframework.boot.test.context.SpringBootTestContextBootstrapper -- Found @SpringBootConfiguration com.ashok.my.learnings.springboot.SpringbootApplication for test class com.ashok.my.learnings.springboot.SpringbootApplicationTests

  .   ____          _            __ _ _
 /\\ / ___'_ __ _ _(_)_ __  __ _ \ \ \ \
( ( )\___ | '_ | '_| | '_ \/ _` | \ \ \ \
 \\/  ___)| |_)| | | | | || (_| |  ) ) ) )
  '  |____| .__|_| |_|_| |_\__, | / / / /
 =========|_|==============|___/=/_/_/_/
 :: Spring Boot ::                (v3.1.5)

2023-10-26T18:10:10.529+11:00  INFO 56206 --- [    Test worker] c.a.m.l.s.SpringbootApplicationTests     : Starting SpringbootApplicationTests using Java 17.0.9 with PID 56206 (started by ashok in /Users/ashok/do_not_delete/eclipse-workspace/My_Learnings)
2023-10-26T18:10:10.530+11:00  INFO 56206 --- [    Test worker] c.a.m.l.s.SpringbootApplicationTests     : No active profile set, falling back to 1 default profile: "default"
2023-10-26T18:10:11.352+11:00  INFO 56206 --- [    Test worker] c.a.m.l.s.SpringbootApplicationTests     : Started SpringbootApplicationTests in 1.002 seconds (process running for 1.886)
]]></system-out>
	<system-err><![CDATA[]]>
	</system-err>
</testsuite>
